Arguments: 
  /Users/fulci/.nvm/versions/node/v9.2.0/bin/node /Users/fulci/.yarn/bin/yarn.js test

PATH: 
  /Users/fulci/.yarn/bin:/Users/fulci/.config/yarn/global/node_modules/.bin:/usr/local/sbin:/Users/fulci/.nvm/versions/node/v9.2.0/bin:/usr/local/bin:/usr/bin:/bin:/usr/sbin:/sbin:/Users/fulci/.yarn/bin:/Users/fulci/.config/yarn/global/node_modules/.bin:/usr/local/sbin

Yarn version: 
  1.5.1

Node version: 
  9.2.0

Platform: 
  darwin x64

npm manifest: 
  No manifest

yarn manifest: 
  No manifest

Lockfile: 
  No lockfile

Trace: 
  Error: Couldn't find a package.json file in "/Users/fulci/exercism/typescript"
      at new MessageError (/Users/fulci/.yarn/lib/cli.js:186:110)
      at /Users/fulci/.yarn/lib/cli.js:40048:15
      at Generator.next (<anonymous>)
      at step (/Users/fulci/.yarn/lib/cli.js:98:30)
      at /Users/fulci/.yarn/lib/cli.js:109:13
      at <anonymous>
